0 info it worked if it ends with ok
1 verbose cli [ '/usr/local/bin/node', '/usr/local/bin/npm', 'run', 'build' ]
2 info using npm@3.7.3
3 info using node@v5.8.0
4 verbose run-script [ 'prebuild', 'build', 'postbuild' ]
5 info lifecycle project-wolf@0.0.1~prebuild: project-wolf@0.0.1
6 silly lifecycle project-wolf@0.0.1~prebuild: no script for prebuild, continuing
7 info lifecycle project-wolf@0.0.1~build: project-wolf@0.0.1
8 verbose lifecycle project-wolf@0.0.1~build: unsafe-perm in lifecycle true
9 verbose lifecycle project-wolf@0.0.1~build: PATH: /usr/local/lib/node_modules/npm/bin/node-gyp-bin:/home/vignesh/Spring_2016/MAS/Project_Wolf/projectwolf/reacts/classes_list/node_modules/.bin:/usr/local/bin:/usr/local/heroku/bin:/usr/local/sbin:/usr/local/bin:/usr/sbin:/usr/bin:/sbin:/bin:/usr/games:/usr/local/games
10 verbose lifecycle project-wolf@0.0.1~build: CWD: /home/vignesh/Spring_2016/MAS/Project_Wolf/projectwolf/reacts/classes_list
11 silly lifecycle project-wolf@0.0.1~build: Args: [ '-c',
11 silly lifecycle   'browserify . | uglifyjs -cm > ../../static/static/js/classes.js' ]
12 silly lifecycle project-wolf@0.0.1~build: Returned: code: 1  signal: null
13 info lifecycle project-wolf@0.0.1~build: Failed to exec build script
14 verbose stack Error: project-wolf@0.0.1 build: `browserify . | uglifyjs -cm > ../../static/static/js/classes.js`
14 verbose stack Exit status 1
14 verbose stack     at EventEmitter.<anonymous> (/usr/local/lib/node_modules/npm/lib/utils/lifecycle.js:239:16)
14 verbose stack     at emitTwo (events.js:100:13)
14 verbose stack     at EventEmitter.emit (events.js:185:7)
14 verbose stack     at ChildProcess.<anonymous> (/usr/local/lib/node_modules/npm/lib/utils/spawn.js:24:14)
14 verbose stack     at emitTwo (events.js:100:13)
14 verbose stack     at ChildProcess.emit (events.js:185:7)
14 verbose stack     at maybeClose (internal/child_process.js:850:16)
14 verbose stack     at Process.ChildProcess._handle.onexit (internal/child_process.js:215:5)
15 verbose pkgid project-wolf@0.0.1
16 verbose cwd /home/vignesh/Spring_2016/MAS/Project_Wolf/projectwolf/reacts/classes_list
17 error Linux 3.13.0-83-generic
18 error argv "/usr/local/bin/node" "/usr/local/bin/npm" "run" "build"
19 error node v5.8.0
20 error npm  v3.7.3
21 error code ELIFECYCLE
22 error project-wolf@0.0.1 build: `browserify . | uglifyjs -cm > ../../static/static/js/classes.js`
22 error Exit status 1
23 error Failed at the project-wolf@0.0.1 build script 'browserify . | uglifyjs -cm > ../../static/static/js/classes.js'.
23 error Make sure you have the latest version of node.js and npm installed.
23 error If you do, this is most likely a problem with the project-wolf package,
23 error not with npm itself.
23 error Tell the author that this fails on your system:
23 error     browserify . | uglifyjs -cm > ../../static/static/js/classes.js
23 error You can get information on how to open an issue for this project with:
23 error     npm bugs project-wolf
23 error Or if that isn't available, you can get their info via:
23 error     npm owner ls project-wolf
23 error There is likely additional logging output above.
24 verbose exit [ 1, true ]
